<?xml version="1.0" encoding="UTF-8"?>
<testsuite xmlns:xsi="http://www.w3.org/2001/XMLSchema-instance" xsi:schemaLocation="https://maven.apache.org/surefire/maven-surefire-plugin/xsd/surefire-test-report.xsd" name="ahulzhenko.MailController.mail.MailModuleTest" time="250.264" tests="20" errors="0" skipped="0" failures="0">
  <properties>
[...]
</properties>
  <testcase name="TestSentAndReceivedMessages[0 plan[UserConfigBean{fromEmail=cs.517.send@gmail.com, passwordEmail=v3ryl0ngp@2s, imapPort=993, imapUrl=imap.gmail.com, smtpPort=465, smtpUrl=smtp.gmail.com}]=[Ljava.lang.String;@7a7b0070]]" classname="ahulzhenko.MailController.mail.MailModuleTest" time="11.704"/>
  <testcase name="TestBcc[0 plan[UserConfigBean{fromEmail=cs.517.send@gmail.com, passwordEmail=v3ryl0ngp@2s, imapPort=993, imapUrl=imap.gmail.com, smtpPort=465, smtpUrl=smtp.gmail.com}]=[Ljava.lang.String;@7a7b0070]]" classname="ahulzhenko.MailController.mail.MailModuleTest" time="10.889"/>
  <testcase name="TestSentAndReceivedMessages[1 plan[UserConfigBean{fromEmail=cs.517.send@gmail.com, passwordEmail=v3ryl0ngp@2s, imapPort=993, imapUrl=imap.gmail.com, smtpPort=465, smtpUrl=smtp.gmail.com}]=[Ljava.lang.String;@6ed3ef1]]" classname="ahulzhenko.MailController.mail.MailModuleTest" time="10.453"/>
  <testcase name="TestBcc[1 plan[UserConfigBean{fromEmail=cs.517.send@gmail.com, passwordEmail=v3ryl0ngp@2s, imapPort=993, imapUrl=imap.gmail.com, smtpPort=465, smtpUrl=smtp.gmail.com}]=[Ljava.lang.String;@6ed3ef1]]" classname="ahulzhenko.MailController.mail.MailModuleTest" time="10.295"/>
  <testcase name="TestSentAndReceivedMessages[2 plan[UserConfigBean{fromEmail=cs.517.send@gmail.com, passwordEmail=v3ryl0ngp@2s, imapPort=993, imapUrl=imap.gmail.com, smtpPort=465, smtpUrl=smtp.gmail.com}]=[Ljava.lang.String;@2437c6dc]]" classname="ahulzhenko.MailController.mail.MailModuleTest" time="10.164"/>
  <testcase name="TestBcc[2 plan[UserConfigBean{fromEmail=cs.517.send@gmail.com, passwordEmail=v3ryl0ngp@2s, imapPort=993, imapUrl=imap.gmail.com, smtpPort=465, smtpUrl=smtp.gmail.com}]=[Ljava.lang.String;@2437c6dc]]" classname="ahulzhenko.MailController.mail.MailModuleTest" time="9.322"/>
  <testcase name="TestSentAndReceivedMessages[3 plan[UserConfigBean{fromEmail=cs.517.send@gmail.com, passwordEmail=v3ryl0ngp@2s, imapPort=993, imapUrl=imap.gmail.com, smtpPort=465, smtpUrl=smtp.gmail.com}]=[Ljava.lang.String;@1f89ab83]]" classname="ahulzhenko.MailController.mail.MailModuleTest" time="12.102"/>
  <testcase name="TestBcc[3 plan[UserConfigBean{fromEmail=cs.517.send@gmail.com, passwordEmail=v3ryl0ngp@2s, imapPort=993, imapUrl=imap.gmail.com, smtpPort=465, smtpUrl=smtp.gmail.com}]=[Ljava.lang.String;@1f89ab83]]" classname="ahulzhenko.MailController.mail.MailModuleTest" time="10.553"/>
  <testcase name="TestSentAndReceivedMessages[4 plan[UserConfigBean{fromEmail=cs.517.send@gmail.com, passwordEmail=v3ryl0ngp@2s, imapPort=993, imapUrl=imap.gmail.com, smtpPort=465, smtpUrl=smtp.gmail.com}]=[Ljava.lang.String;@e73f9ac]]" classname="ahulzhenko.MailController.mail.MailModuleTest" time="11.439"/>
  <testcase name="TestBcc[4 plan[UserConfigBean{fromEmail=cs.517.send@gmail.com, passwordEmail=v3ryl0ngp@2s, imapPort=993, imapUrl=imap.gmail.com, smtpPort=465, smtpUrl=smtp.gmail.com}]=[Ljava.lang.String;@e73f9ac]]" classname="ahulzhenko.MailController.mail.MailModuleTest" time="10.272"/>
  <testcase name="TestSentAndReceivedMessages[5 plan[UserConfigBean{fromEmail=cs.517.send@gmail.com, passwordEmail=v3ryl0ngp@2s, imapPort=993, imapUrl=imap.gmail.com, smtpPort=465, smtpUrl=smtp.gmail.com}]=[Ljava.lang.String;@61064425]]" classname="ahulzhenko.MailController.mail.MailModuleTest" time="9.881"/>
  <testcase name="TestBcc[5 plan[UserConfigBean{fromEmail=cs.517.send@gmail.com, passwordEmail=v3ryl0ngp@2s, imapPort=993, imapUrl=imap.gmail.com, smtpPort=465, smtpUrl=smtp.gmail.com}]=[Ljava.lang.String;@61064425]]" classname="ahulzhenko.MailController.mail.MailModuleTest" time="9.943"/>
  <testcase name="TestSentAndReceivedMessages[6 plan[UserConfigBean{fromEmail=cs.517.send@gmail.com, passwordEmail=v3ryl0ngp@2s, imapPort=993, imapUrl=imap.gmail.com, smtpPort=465, smtpUrl=smtp.gmail.com}]=[Ljava.lang.String;@7b1d7fff]]" classname="ahulzhenko.MailController.mail.MailModuleTest" time="12.008"/>
  <testcase name="TestBcc[6 plan[UserConfigBean{fromEmail=cs.517.send@gmail.com, passwordEmail=v3ryl0ngp@2s, imapPort=993, imapUrl=imap.gmail.com, smtpPort=465, smtpUrl=smtp.gmail.com}]=[Ljava.lang.String;@7b1d7fff]]" classname="ahulzhenko.MailController.mail.MailModuleTest" time="11.484"/>
  <testcase name="TestSentAndReceivedMessages[7 plan[UserConfigBean{fromEmail=cs.517.send@gmail.com, passwordEmail=v3ryl0ngp@2s, imapPort=993, imapUrl=imap.gmail.com, smtpPort=465, smtpUrl=smtp.gmail.com}]=[Ljava.lang.String;@299a06ac]]" classname="ahulzhenko.MailController.mail.MailModuleTest" time="12.498"/>
  <testcase name="TestBcc[7 plan[UserConfigBean{fromEmail=cs.517.send@gmail.com, passwordEmail=v3ryl0ngp@2s, imapPort=993, imapUrl=imap.gmail.com, smtpPort=465, smtpUrl=smtp.gmail.com}]=[Ljava.lang.String;@299a06ac]]" classname="ahulzhenko.MailController.mail.MailModuleTest" time="11.499"/>
  <testcase name="TestSentAndReceivedMessages[8 plan[UserConfigBean{fromEmail=cs.517.send@gmail.com, passwordEmail=v3ryl0ngp@2s, imapPort=993, imapUrl=imap.gmail.com, smtpPort=465, smtpUrl=smtp.gmail.com}]=[Ljava.lang.String;@383534aa]]" classname="ahulzhenko.MailController.mail.MailModuleTest" time="21.473"/>
  <testcase name="TestBcc[8 plan[UserConfigBean{fromEmail=cs.517.send@gmail.com, passwordEmail=v3ryl0ngp@2s, imapPort=993, imapUrl=imap.gmail.com, smtpPort=465, smtpUrl=smtp.gmail.com}]=[Ljava.lang.String;@383534aa]]" classname="ahulzhenko.MailController.mail.MailModuleTest" time="18.63"/>
  <testcase name="TestSentAndReceivedMessages[9 plan[UserConfigBean{fromEmail=cs.517.send@gmail.com, passwordEmail=v3ryl0ngp@2s, imapPort=993, imapUrl=imap.gmail.com, smtpPort=465, smtpUrl=smtp.gmail.com}]=[Ljava.lang.String;@6bc168e5]]" classname="ahulzhenko.MailController.mail.MailModuleTest" time="17.33"/>
  <testcase name="TestBcc[9 plan[UserConfigBean{fromEmail=cs.517.send@gmail.com, passwordEmail=v3ryl0ngp@2s, imapPort=993, imapUrl=imap.gmail.com, smtpPort=465, smtpUrl=smtp.gmail.com}]=[Ljava.lang.String;@6bc168e5]]" classname="ahulzhenko.MailController.mail.MailModuleTest" time="17.921"/>
</testsuite>